Find Doctor by userId [@ doctorController - INFO]
Find Doctor by userId [@ doctorController - INFO]
Find Doctor by userId [@ doctorController - INFO]
Find Doctor by userId [@ doctorController - INFO]
Find Doctor by userId [@ doctorController - INFO]
Find Doctor by userId [@ doctorController - INFO]
Find Doctor by userId [@ doctorController - INFO]
Find Doctor by userId [@ doctorController - INFO]
Find Doctor by userId [@ doctorController - INFO]
Find Doctor by userId [@ doctorController - INFO]
Find Doctor by userId [@ doctorController - INFO]
Find Doctor by userId [@ doctorController - INFO]
Find Doctor by userId [@ doctorController - INFO]
Find Doctor by userId [@ doctorController - INFO]
Find Doctor by userId [@ doctorController - INFO]
Find Doctor by userId [@ doctorController - INFO]
Find Doctor by userId [@ doctorController - INFO]
Find Doctor by userId [@ doctorController - INFO]
Find Doctor by userId [@ doctorController - INFO]
Find Doctor by userId [@ doctorController - INFO]
Find Doctor by userId [@ doctorController - INFO]
Find Doctor by userId [@ doctorController - INFO]
Find Doctor by userId [@ doctorController - INFO]
Find Doctor by userId [@ doctorController - INFO]
doctorController.GetOne: 56e9c94233e57f049da87b90 [@ doctorController - INFO]
Find Doctor by userId [@ doctorController - INFO]
doctorController.GetOne: 56e9c94233e57f049da87b90 [@ doctorController - INFO]
Find Doctor by userId [@ doctorController - INFO]
doctorController.GetOne: 56e9c94233e57f049da87b90 [@ doctorController - INFO]
doctorController.GetDoctorAppointments. Doctor: 56e9c94233e57f049da87b90 [@ doctorController - INFO]
Find Doctor by userId [@ doctorController - INFO]
doctorController.GetOne: 56e9c94233e57f049da87b90 [@ doctorController - INFO]
Find Doctor by userId [@ doctorController - INFO]
doctorController.GetOne: 56e9c94233e57f049da87b90 [@ doctorController - INFO]
Find Doctor by userId [@ doctorController - INFO]
doctorController.GetOne: 56e9c94233e57f049da87b90 [@ doctorController - INFO]
Find Doctor by userId [@ doctorController - INFO]
doctorController.GetOne: 56e9c94233e57f049da87b90 [@ doctorController - INFO]
Find Doctor by userId [@ doctorController - INFO]
doctorController.GetOne: 56e9c94233e57f049da87b90 [@ doctorController - INFO]
Find Doctor by userId [@ doctorController - INFO]
doctorController.GetOne: 56e9c94233e57f049da87b90 [@ doctorController - INFO]
Find Doctor by userId [@ doctorController - INFO]
doctorController.GetOne: 56e9c94233e57f049da87b90 [@ doctorController - INFO]
Find Doctor by userId [@ doctorController - INFO]
doctorController.GetOne: 56e9c94233e57f049da87b90 [@ doctorController - INFO]
doctorController.GetOne: 56e9c94233e57f049da87b90 [@ doctorController - INFO]
doctorController.GetOne: 56e9c94233e57f049da87b90 [@ doctorController - INFO]
doctorController.GetOne: 56e9c94233e57f049da87b90 [@ doctorController - INFO]
doctorController.GetOne: 56e9c94233e57f049da87b90 [@ doctorController - INFO]
doctorController.GetOne: 56e9c94233e57f049da87b90 [@ doctorController - INFO]
doctorController.GetOne: 56e9c94233e57f049da87b90 [@ doctorController - INFO]
doctorController.GetOne: 56e9c94233e57f049da87b90 [@ doctorController - INFO]
doctorController.GetOne: 56e9c94233e57f049da87b90 [@ doctorController - INFO]
doctorController.GetOne: 56e9c94233e57f049da87b90 [@ doctorController - INFO]
doctorController.GetOne: 56e9c94233e57f049da87b90 [@ doctorController - INFO]
doctorController.GetOne: 56e9c94233e57f049da87b90 [@ doctorController - INFO]
doctorController.GetOne: 56e9c94233e57f049da87b90 [@ doctorController - INFO]
doctorController.GetOne: 56e9c94233e57f049da87b90 [@ doctorController - INFO]
doctorController.GetOne: 56e9c94233e57f049da87b90 [@ doctorController - INFO]
doctorController.GetOne: 56e9c94233e57f049da87b90 [@ doctorController - INFO]
doctorController.GetDoctorPatients. Doctor: 56e9c94233e57f049da87b90 [@ doctorController - INFO]
doctorController.GetDoctorAppointments. Doctor: 56e9c94233e57f049da87b90 [@ doctorController - INFO]
Find Doctor by userId [@ doctorController - INFO]
doctorController.GetOne: 56e9c94233e57f049da87b90 [@ doctorController - INFO]
doctorController.GetDoctorAppointments. Doctor: 56e9c94233e57f049da87b90 [@ doctorController - INFO]
doctorController.GetDoctorPatients. Doctor: 56e9c94233e57f049da87b90 [@ doctorController - INFO]
Find Doctor by userId [@ doctorController - INFO]
doctorController.GetOne: 56e9c94233e57f049da87b90 [@ doctorController - INFO]
doctorController.GetDoctorAppointments. Doctor: 56e9c94233e57f049da87b90 [@ doctorController - INFO]
doctorController.GetDoctorPatients. Doctor: 56e9c94233e57f049da87b90 [@ doctorController - INFO]
Find Doctor by userId [@ doctorController - INFO]
doctorController.GetOne: 56e9c94233e57f049da87b90 [@ doctorController - INFO]
doctorController.GetDoctorAppointments. Doctor: 56e9c94233e57f049da87b90 [@ doctorController - INFO]
doctorController.GetDoctorPatients. Doctor: 56e9c94233e57f049da87b90 [@ doctorController - INFO]
Find Doctor by userId [@ doctorController - INFO]
doctorController.GetOne: 56e9c94233e57f049da87b90 [@ doctorController - INFO]
doctorController.GetDoctorAppointments. Doctor: 56e9c94233e57f049da87b90 [@ doctorController - INFO]
doctorController.GetDoctorPatients. Doctor: 56e9c94233e57f049da87b90 [@ doctorController - INFO]
Find Doctor by userId [@ doctorController - INFO]
doctorController.GetOne: 56e9c94233e57f049da87b90 [@ doctorController - INFO]
doctorController.GetDoctorAppointments. Doctor: 56e9c94233e57f049da87b90 [@ doctorController - INFO]
doctorController.GetDoctorPatients. Doctor: 56e9c94233e57f049da87b90 [@ doctorController - INFO]
Find Doctor by userId [@ doctorController - INFO]
doctorController.GetOne: 56e9c94233e57f049da87b90 [@ doctorController - INFO]
doctorController.GetDoctorAppointments. Doctor: 56e9c94233e57f049da87b90 [@ doctorController - INFO]
doctorController.GetDoctorPatients. Doctor: 56e9c94233e57f049da87b90 [@ doctorController - INFO]
Find Doctor by userId [@ doctorController - INFO]
doctorController.GetOne: 56e9c94233e57f049da87b90 [@ doctorController - INFO]
doctorController.GetDoctorAppointments. Doctor: 56e9c94233e57f049da87b90 [@ doctorController - INFO]
doctorController.GetDoctorPatients. Doctor: 56e9c94233e57f049da87b90 [@ doctorController - INFO]
Reading file ./medbook-api/data/en-US/medicalSpecialties.json [@ dataController - INFO]
